2026-03-22 21:06:54,921 - INFO - Pipeline started
2026-03-22 21:07:49,872 - INFO - Pipeline started
2026-03-22 21:10:19,632 - INFO - All tables loaded successfully
2026-03-22 21:10:19,667 - INFO - ratings: 25000095 rows
2026-03-22 21:10:19,668 - INFO - movies: 62423 rows
2026-03-22 21:10:19,669 - INFO - tags: 1093360 rows
2026-03-22 21:10:19,673 - INFO - genome_scores: 15584448 rows
2026-03-22 21:10:19,675 - INFO - genome_tags: 1128 rows
2026-03-22 21:10:19,676 - INFO - links: 62423 rows
2026-03-30 00:10:51,921 - INFO - Pipeline started
2026-03-30 00:10:51,921 - INFO - Setup complete
2026-03-30 00:11:35,685 - INFO - ratings: 25000095 rows converted to parquet
2026-03-30 00:11:35,727 - INFO - movies: 62423 rows converted to parquet
2026-03-30 00:11:35,824 - INFO - tags: 1093360 rows converted to parquet
2026-03-30 00:11:36,231 - INFO - genome_scores: 15584448 rows converted to parquet
2026-03-30 00:11:36,239 - INFO - genome_tags: 1128 rows converted to parquet
2026-03-30 00:11:36,268 - INFO - links: 62423 rows converted to parquet
2026-03-30 00:11:36,268 - INFO - All tables converted to Parquet successfully
2026-03-30 00:21:37,375 - INFO - Reloaded ratings from parquet: 25000095 rows
2026-03-30 00:21:37,394 - INFO - Reloaded movies from parquet: 62423 rows
2026-03-30 00:21:37,408 - INFO - Reloaded tags from parquet: 1093360 rows
2026-03-30 00:21:37,481 - INFO - Reloaded genome_scores from parquet: 15584448 rows
2026-03-30 00:21:37,482 - INFO - Reloaded genome_tags from parquet: 1128 rows
2026-03-30 00:21:37,489 - INFO - Reloaded links from parquet: 62423 rows
2026-03-30 00:21:37,489 - INFO - All Parquet tables reloaded successfully
2026-03-30 00:27:28,563 - INFO - Popularity classification query executed successfully
2026-03-30 00:27:28,577 - INFO - Long-tail: 53661, Popular: 5386
2026-03-30 00:28:51,539 - INFO - Popularity distribution chart saved
2026-03-30 00:31:49,671 - INFO - Popularity distribution chart saved
2026-03-30 00:33:42,929 - INFO - Popularity distribution chart saved
2026-03-30 00:34:15,938 - INFO - Popularity distribution chart saved
2026-03-30 00:34:30,588 - INFO - Popularity distribution chart saved
2026-03-30 00:34:47,503 - INFO - Popularity distribution chart saved
2026-03-30 00:34:55,350 - INFO - Popularity distribution chart saved
2026-03-30 00:35:00,922 - INFO - Popularity distribution chart saved
2026-03-30 00:35:11,223 - INFO - Popularity distribution chart saved
2026-03-30 00:35:16,230 - INFO - Popularity distribution chart saved
2026-03-30 00:35:21,604 - INFO - Popularity distribution chart saved
2026-03-30 00:35:28,820 - INFO - Popularity distribution chart saved
2026-03-30 00:35:36,664 - INFO - Popularity distribution chart saved
2026-03-30 00:35:43,718 - INFO - Popularity distribution chart saved
2026-03-30 00:36:00,754 - INFO - Popularity distribution chart saved
2026-03-30 00:36:06,002 - INFO - Popularity distribution chart saved
2026-03-30 00:36:10,285 - INFO - Popularity distribution chart saved
2026-03-30 00:36:47,577 - INFO - Popularity distribution chart saved
2026-03-30 00:37:10,570 - INFO - Popularity distribution chart saved
2026-03-30 00:37:20,418 - INFO - Popularity distribution chart saved
2026-03-30 00:37:26,045 - INFO - Popularity distribution chart saved
2026-03-30 00:37:34,117 - INFO - Popularity distribution chart saved
2026-03-30 00:37:40,643 - INFO - Popularity distribution chart saved
2026-03-30 00:37:48,977 - INFO - Popularity distribution chart saved
2026-03-30 00:39:26,561 - INFO - Popularity distribution chart saved
2026-03-30 00:39:40,112 - INFO - Popularity distribution chart saved
2026-03-30 00:39:52,605 - INFO - Popularity distribution chart saved
2026-03-30 00:40:06,103 - INFO - Popularity distribution chart saved
2026-03-30 00:40:15,467 - INFO - Popularity distribution chart saved
2026-03-30 00:40:28,644 - INFO - Popularity distribution chart saved
2026-03-30 00:40:33,327 - INFO - Popularity distribution chart saved
2026-03-30 00:40:38,866 - INFO - Popularity distribution chart saved
2026-03-30 00:40:51,078 - INFO - Popularity distribution chart saved
2026-03-30 00:40:56,445 - INFO - Popularity distribution chart saved
2026-03-30 00:41:09,738 - INFO - Popularity distribution chart saved
2026-03-30 00:41:15,198 - INFO - Popularity distribution chart saved
2026-03-30 00:41:20,020 - INFO - Popularity distribution chart saved
2026-03-30 00:41:28,868 - INFO - Popularity distribution chart saved
2026-03-30 00:41:35,263 - INFO - Popularity distribution chart saved
2026-03-30 00:41:46,300 - INFO - Popularity distribution chart saved
2026-03-30 00:41:53,817 - INFO - Popularity distribution chart saved
2026-03-30 00:42:00,179 - INFO - Popularity distribution chart saved
2026-03-30 00:42:18,517 - INFO - Popularity distribution chart saved
2026-03-30 00:42:27,434 - INFO - Popularity distribution chart saved
2026-03-30 00:42:39,823 - INFO - Popularity distribution chart saved
2026-03-30 00:42:54,106 - INFO - Popularity distribution chart saved
2026-03-30 00:42:59,462 - INFO - Popularity distribution chart saved
2026-03-30 00:43:50,996 - INFO - Popularity distribution chart saved
2026-03-30 00:44:00,940 - INFO - Popularity distribution chart saved
2026-03-30 00:44:12,402 - INFO - Popularity distribution chart saved
2026-03-30 00:44:22,738 - INFO - Popularity distribution chart saved
2026-03-30 00:44:57,282 - INFO - Popularity distribution chart saved
2026-03-30 00:45:19,099 - INFO - Popularity distribution chart saved
2026-03-30 00:45:44,294 - INFO - Popularity distribution chart saved
2026-03-30 00:45:48,918 - INFO - Popularity distribution chart saved
2026-03-30 00:47:02,823 - INFO - Popularity distribution chart saved
2026-03-30 00:47:24,953 - INFO - Popularity distribution chart saved
2026-03-30 00:48:13,899 - INFO - Popularity distribution chart saved
2026-03-30 00:48:25,178 - INFO - Popularity distribution chart saved
2026-03-30 00:48:36,095 - WARNING - findfont: Font family 'sans-monospace' not found.
2026-03-30 00:48:36,096 - WARNING - findfont: Font family 'sans-monospace' not found.
2026-03-30 00:48:36,097 - WARNING - findfont: Font family 'sans-monospace' not found.
2026-03-30 00:48:36,098 - WARNING - findfont: Font family 'sans-monospace' not found.
2026-03-30 00:48:36,099 - WARNING - findfont: Font family 'sans-monospace' not found.
2026-03-30 00:48:36,106 - WARNING - findfont: Font family 'sans-monospace' not found.
2026-03-30 00:48:36,106 - WARNING - findfont: Font family 'sans-monospace' not found.
2026-03-30 00:48:36,106 - WARNING - findfont: Font family 'sans-monospace' not found.
2026-03-30 00:48:36,106 - WARNING - findfont: Font family 'sans-monospace' not found.
2026-03-30 00:48:36,107 - WARNING - findfont: Font family 'sans-monospace' not found.
2026-03-30 00:48:36,107 - WARNING - findfont: Font family 'sans-monospace' not found.
2026-03-30 00:48:36,107 - WARNING - findfont: Font family 'sans-monospace' not found.
2026-03-30 00:48:36,108 - WARNING - findfont: Font family 'sans-monospace' not found.
2026-03-30 00:48:36,111 - WARNING - findfont: Font family 'sans-monospace' not found.
2026-03-30 00:48:36,112 - WARNING - findfont: Font family 'sans-monospace' not found.
2026-03-30 00:48:36,113 - WARNING - findfont: Font family 'sans-monospace' not found.
2026-03-30 00:48:36,113 - WARNING - findfont: Font family 'sans-monospace' not found.
2026-03-30 00:48:36,113 - WARNING - findfont: Font family 'sans-monospace' not found.
2026-03-30 00:48:36,113 - WARNING - findfont: Font family 'sans-monospace' not found.
2026-03-30 00:48:36,116 - WARNING - findfont: Font family 'sans-monospace' not found.
2026-03-30 00:48:36,116 - WARNING - findfont: Font family 'sans-monospace' not found.
2026-03-30 00:48:36,116 - WARNING - findfont: Font family 'sans-monospace' not found.
2026-03-30 00:48:36,116 - WARNING - findfont: Font family 'sans-monospace' not found.
2026-03-30 00:48:36,116 - WARNING - findfont: Font family 'sans-monospace' not found.
2026-03-30 00:48:36,116 - WARNING - findfont: Font family 'sans-monospace' not found.
2026-03-30 00:48:36,116 - WARNING - findfont: Font family 'sans-monospace' not found.
2026-03-30 00:48:36,117 - WARNING - findfont: Font family 'sans-monospace' not found.
2026-03-30 00:48:36,121 - WARNING - findfont: Font family 'sans-monospace' not found.
2026-03-30 00:48:36,121 - WARNING - findfont: Font family 'sans-monospace' not found.
2026-03-30 00:48:36,121 - WARNING - findfont: Font family 'sans-monospace' not found.
2026-03-30 00:48:36,121 - WARNING - findfont: Font family 'sans-monospace' not found.
2026-03-30 00:48:36,123 - WARNING - findfont: Font family 'sans-monospace' not found.
2026-03-30 00:48:36,125 - WARNING - findfont: Font family 'sans-monospace' not found.
2026-03-30 00:48:36,125 - WARNING - findfont: Font family 'sans-monospace' not found.
2026-03-30 00:48:36,126 - WARNING - findfont: Font family 'sans-monospace' not found.
2026-03-30 00:48:36,126 - WARNING - findfont: Font family 'sans-monospace' not found.
2026-03-30 00:48:36,126 - WARNING - findfont: Font family 'sans-monospace' not found.
2026-03-30 00:48:36,126 - WARNING - findfont: Font family 'sans-monospace' not found.
2026-03-30 00:48:36,126 - WARNING - findfont: Font family 'sans-monospace' not found.
2026-03-30 00:48:36,126 - WARNING - findfont: Font family 'sans-monospace' not found.
2026-03-30 00:48:36,127 - WARNING - findfont: Font family 'sans-monospace' not found.
2026-03-30 00:48:36,128 - WARNING - findfont: Font family 'sans-monospace' not found.
2026-03-30 00:48:36,128 - WARNING - findfont: Font family 'sans-monospace' not found.
2026-03-30 00:48:36,130 - WARNING - findfont: Font family 'sans-monospace' not found.
2026-03-30 00:48:36,130 - WARNING - findfont: Font family 'sans-monospace' not found.
2026-03-30 00:48:36,130 - WARNING - findfont: Font family 'sans-monospace' not found.
2026-03-30 00:48:36,130 - WARNING - findfont: Font family 'sans-monospace' not found.
2026-03-30 00:48:36,130 - WARNING - findfont: Font family 'sans-monospace' not found.
2026-03-30 00:48:36,130 - WARNING - findfont: Font family 'sans-monospace' not found.
2026-03-30 00:48:36,130 - WARNING - findfont: Font family 'sans-monospace' not found.
2026-03-30 00:48:36,131 - WARNING - findfont: Font family 'sans-monospace' not found.
2026-03-30 00:48:36,131 - WARNING - findfont: Font family 'sans-monospace' not found.
2026-03-30 00:48:36,131 - WARNING - findfont: Font family 'sans-monospace' not found.
2026-03-30 00:48:36,131 - WARNING - findfont: Font family 'sans-monospace' not found.
2026-03-30 00:48:36,131 - WARNING - findfont: Font family 'sans-monospace' not found.
2026-03-30 00:48:36,132 - WARNING - findfont: Font family 'sans-monospace' not found.
2026-03-30 00:48:36,132 - WARNING - findfont: Font family 'sans-monospace' not found.
2026-03-30 00:48:36,132 - WARNING - findfont: Font family 'sans-monospace' not found.
2026-03-30 00:48:36,134 - WARNING - findfont: Font family 'sans-monospace' not found.
2026-03-30 00:48:36,134 - WARNING - findfont: Font family 'sans-monospace' not found.
2026-03-30 00:48:36,135 - WARNING - findfont: Font family 'sans-monospace' not found.
2026-03-30 00:48:36,135 - WARNING - findfont: Font family 'sans-monospace' not found.
2026-03-30 00:48:36,135 - WARNING - findfont: Font family 'sans-monospace' not found.
2026-03-30 00:48:36,135 - WARNING - findfont: Font family 'sans-monospace' not found.
2026-03-30 00:48:36,136 - WARNING - findfont: Font family 'sans-monospace' not found.
2026-03-30 00:48:36,136 - WARNING - findfont: Font family 'sans-monospace' not found.
2026-03-30 00:48:36,136 - WARNING - findfont: Font family 'sans-monospace' not found.
2026-03-30 00:48:36,137 - WARNING - findfont: Font family 'sans-monospace' not found.
2026-03-30 00:48:36,137 - WARNING - findfont: Font family 'sans-monospace' not found.
2026-03-30 00:48:36,137 - WARNING - findfont: Font family 'sans-monospace' not found.
2026-03-30 00:48:36,137 - WARNING - findfont: Font family 'sans-monospace' not found.
2026-03-30 00:48:36,137 - WARNING - findfont: Font family 'sans-monospace' not found.
2026-03-30 00:48:36,137 - WARNING - findfont: Font family 'sans-monospace' not found.
2026-03-30 00:48:36,138 - WARNING - findfont: Font family 'sans-monospace' not found.
2026-03-30 00:48:36,139 - WARNING - findfont: Font family 'sans-monospace' not found.
2026-03-30 00:48:36,141 - WARNING - findfont: Font family 'sans-monospace' not found.
2026-03-30 00:48:36,141 - WARNING - findfont: Font family 'sans-monospace' not found.
2026-03-30 00:48:36,141 - WARNING - findfont: Font family 'sans-monospace' not found.
2026-03-30 00:48:36,141 - WARNING - findfont: Font family 'sans-monospace' not found.
2026-03-30 00:48:36,141 - WARNING - findfont: Font family 'sans-monospace' not found.
2026-03-30 00:48:36,141 - WARNING - findfont: Font family 'sans-monospace' not found.
2026-03-30 00:48:36,141 - WARNING - findfont: Font family 'sans-monospace' not found.
2026-03-30 00:48:36,141 - WARNING - findfont: Font family 'sans-monospace' not found.
2026-03-30 00:48:36,141 - WARNING - findfont: Font family 'sans-monospace' not found.
2026-03-30 00:48:36,141 - WARNING - findfont: Font family 'sans-monospace' not found.
2026-03-30 00:48:36,141 - WARNING - findfont: Font family 'sans-monospace' not found.
2026-03-30 00:48:36,142 - WARNING - findfont: Font family 'sans-monospace' not found.
2026-03-30 00:48:36,142 - WARNING - findfont: Font family 'sans-monospace' not found.
2026-03-30 00:48:36,151 - WARNING - findfont: Font family 'sans-monospace' not found.
2026-03-30 00:48:36,151 - WARNING - findfont: Font family 'sans-monospace' not found.
2026-03-30 00:48:36,151 - WARNING - findfont: Font family 'sans-monospace' not found.
2026-03-30 00:48:36,151 - WARNING - findfont: Font family 'sans-monospace' not found.
2026-03-30 00:48:36,151 - WARNING - findfont: Font family 'sans-monospace' not found.
2026-03-30 00:48:36,151 - WARNING - findfont: Font family 'sans-monospace' not found.
2026-03-30 00:48:36,151 - WARNING - findfont: Font family 'sans-monospace' not found.
2026-03-30 00:48:36,151 - WARNING - findfont: Font family 'sans-monospace' not found.
2026-03-30 00:48:36,152 - WARNING - findfont: Font family 'sans-monospace' not found.
2026-03-30 00:48:36,152 - WARNING - findfont: Font family 'sans-monospace' not found.
2026-03-30 00:48:36,152 - WARNING - findfont: Font family 'sans-monospace' not found.
2026-03-30 00:48:36,152 - WARNING - findfont: Font family 'sans-monospace' not found.
2026-03-30 00:48:36,153 - WARNING - findfont: Font family 'sans-monospace' not found.
2026-03-30 00:48:36,153 - WARNING - findfont: Font family 'sans-monospace' not found.
2026-03-30 00:48:36,153 - WARNING - findfont: Font family 'sans-monospace' not found.
2026-03-30 00:48:36,153 - WARNING - findfont: Font family 'sans-monospace' not found.
2026-03-30 00:48:36,154 - WARNING - findfont: Font family 'sans-monospace' not found.
2026-03-30 00:48:36,154 - WARNING - findfont: Font family 'sans-monospace' not found.
2026-03-30 00:48:36,154 - WARNING - findfont: Font family 'sans-monospace' not found.
2026-03-30 00:48:36,155 - WARNING - findfont: Font family 'sans-monospace' not found.
2026-03-30 00:48:36,155 - WARNING - findfont: Font family 'sans-monospace' not found.
2026-03-30 00:48:36,155 - WARNING - findfont: Font family 'sans-monospace' not found.
2026-03-30 00:48:36,155 - WARNING - findfont: Font family 'sans-monospace' not found.
2026-03-30 00:48:36,155 - WARNING - findfont: Font family 'sans-monospace' not found.
2026-03-30 00:48:36,155 - WARNING - findfont: Font family 'sans-monospace' not found.
2026-03-30 00:48:36,156 - WARNING - findfont: Font family 'sans-monospace' not found.
2026-03-30 00:48:36,156 - WARNING - findfont: Font family 'sans-monospace' not found.
2026-03-30 00:48:36,156 - WARNING - findfont: Font family 'sans-monospace' not found.
2026-03-30 00:48:36,156 - WARNING - findfont: Font family 'sans-monospace' not found.
2026-03-30 00:48:36,156 - WARNING - findfont: Font family 'sans-monospace' not found.
2026-03-30 00:48:36,156 - WARNING - findfont: Font family 'sans-monospace' not found.
2026-03-30 00:48:36,157 - WARNING - findfont: Font family 'sans-monospace' not found.
2026-03-30 00:48:36,157 - WARNING - findfont: Font family 'sans-monospace' not found.
2026-03-30 00:48:36,157 - WARNING - findfont: Font family 'sans-monospace' not found.
2026-03-30 00:48:36,157 - WARNING - findfont: Font family 'sans-monospace' not found.
2026-03-30 00:48:36,157 - WARNING - findfont: Font family 'sans-monospace' not found.
2026-03-30 00:48:36,157 - WARNING - findfont: Font family 'sans-monospace' not found.
2026-03-30 00:48:36,158 - WARNING - findfont: Font family 'sans-monospace' not found.
2026-03-30 00:48:36,158 - WARNING - findfont: Font family 'sans-monospace' not found.
2026-03-30 00:48:36,158 - WARNING - findfont: Font family 'sans-monospace' not found.
2026-03-30 00:48:36,159 - WARNING - findfont: Font family 'sans-monospace' not found.
2026-03-30 00:48:36,159 - WARNING - findfont: Font family 'sans-monospace' not found.
2026-03-30 00:48:36,159 - WARNING - findfont: Font family 'sans-monospace' not found.
2026-03-30 00:48:36,159 - WARNING - findfont: Font family 'sans-monospace' not found.
2026-03-30 00:48:36,160 - WARNING - findfont: Font family 'sans-monospace' not found.
2026-03-30 00:48:36,160 - WARNING - findfont: Font family 'sans-monospace' not found.
2026-03-30 00:48:36,160 - WARNING - findfont: Font family 'sans-monospace' not found.
2026-03-30 00:48:36,160 - WARNING - findfont: Font family 'sans-monospace' not found.
2026-03-30 00:48:36,160 - WARNING - findfont: Font family 'sans-monospace' not found.
2026-03-30 00:48:36,160 - WARNING - findfont: Font family 'sans-monospace' not found.
2026-03-30 00:48:36,160 - WARNING - findfont: Font family 'sans-monospace' not found.
2026-03-30 00:48:36,161 - WARNING - findfont: Font family 'sans-monospace' not found.
2026-03-30 00:48:36,161 - WARNING - findfont: Font family 'sans-monospace' not found.
2026-03-30 00:48:36,161 - WARNING - findfont: Font family 'sans-monospace' not found.
2026-03-30 00:48:36,162 - WARNING - findfont: Font family 'sans-monospace' not found.
2026-03-30 00:48:36,162 - WARNING - findfont: Font family 'sans-monospace' not found.
2026-03-30 00:48:36,162 - WARNING - findfont: Font family 'sans-monospace' not found.
2026-03-30 00:48:36,163 - WARNING - findfont: Font family 'sans-monospace' not found.
2026-03-30 00:48:36,163 - WARNING - findfont: Font family 'sans-monospace' not found.
2026-03-30 00:48:36,163 - WARNING - findfont: Font family 'sans-monospace' not found.
2026-03-30 00:48:36,163 - WARNING - findfont: Font family 'sans-monospace' not found.
2026-03-30 00:48:36,163 - WARNING - findfont: Font family 'sans-monospace' not found.
2026-03-30 00:48:36,163 - WARNING - findfont: Font family 'sans-monospace' not found.
2026-03-30 00:48:36,163 - WARNING - findfont: Font family 'sans-monospace' not found.
2026-03-30 00:48:36,164 - WARNING - findfont: Font family 'sans-monospace' not found.
2026-03-30 00:48:36,165 - WARNING - findfont: Font family 'sans-monospace' not found.
2026-03-30 00:48:36,165 - WARNING - findfont: Font family 'sans-monospace' not found.
2026-03-30 00:48:36,165 - WARNING - findfont: Font family 'sans-monospace' not found.
2026-03-30 00:48:36,165 - WARNING - findfont: Font family 'sans-monospace' not found.
2026-03-30 00:48:36,165 - WARNING - findfont: Font family 'sans-monospace' not found.
2026-03-30 00:48:36,165 - WARNING - findfont: Font family 'sans-monospace' not found.
2026-03-30 00:48:36,165 - WARNING - findfont: Font family 'sans-monospace' not found.
2026-03-30 00:48:36,165 - WARNING - findfont: Font family 'sans-monospace' not found.
2026-03-30 00:48:36,166 - WARNING - findfont: Font family 'sans-monospace' not found.
2026-03-30 00:48:36,166 - WARNING - findfont: Font family 'sans-monospace' not found.
2026-03-30 00:48:36,166 - WARNING - findfont: Font family 'sans-monospace' not found.
2026-03-30 00:48:36,166 - WARNING - findfont: Font family 'sans-monospace' not found.
2026-03-30 00:48:36,166 - WARNING - findfont: Font family 'sans-monospace' not found.
2026-03-30 00:48:36,166 - WARNING - findfont: Font family 'sans-monospace' not found.
2026-03-30 00:48:36,166 - WARNING - findfont: Font family 'sans-monospace' not found.
2026-03-30 00:48:36,166 - WARNING - findfont: Font family 'sans-monospace' not found.
2026-03-30 00:48:36,166 - WARNING - findfont: Font family 'sans-monospace' not found.
2026-03-30 00:48:36,167 - WARNING - findfont: Font family 'sans-monospace' not found.
2026-03-30 00:48:36,167 - WARNING - findfont: Font family 'sans-monospace' not found.
2026-03-30 00:48:36,167 - WARNING - findfont: Font family 'sans-monospace' not found.
2026-03-30 00:48:36,167 - WARNING - findfont: Font family 'sans-monospace' not found.
2026-03-30 00:48:36,167 - WARNING - findfont: Font family 'sans-monospace' not found.
2026-03-30 00:48:36,168 - WARNING - findfont: Font family 'sans-monospace' not found.
2026-03-30 00:48:36,168 - WARNING - findfont: Font family 'sans-monospace' not found.
2026-03-30 00:48:36,169 - WARNING - findfont: Font family 'sans-monospace' not found.
2026-03-30 00:48:36,169 - WARNING - findfont: Font family 'sans-monospace' not found.
2026-03-30 00:48:36,189 - WARNING - findfont: Font family 'sans-monospace' not found.
2026-03-30 00:48:36,189 - WARNING - findfont: Font family 'sans-monospace' not found.
2026-03-30 00:48:36,189 - WARNING - findfont: Font family 'sans-monospace' not found.
2026-03-30 00:48:36,189 - WARNING - findfont: Font family 'sans-monospace' not found.
2026-03-30 00:48:36,189 - WARNING - findfont: Font family 'sans-monospace' not found.
2026-03-30 00:48:36,190 - WARNING - findfont: Font family 'sans-monospace' not found.
2026-03-30 00:48:36,190 - WARNING - findfont: Font family 'sans-monospace' not found.
2026-03-30 00:48:36,190 - WARNING - findfont: Font family 'sans-monospace' not found.
2026-03-30 00:48:36,190 - WARNING - findfont: Font family 'sans-monospace' not found.
2026-03-30 00:48:36,190 - WARNING - findfont: Font family 'sans-monospace' not found.
2026-03-30 00:48:36,190 - WARNING - findfont: Font family 'sans-monospace' not found.
2026-03-30 00:48:36,191 - WARNING - findfont: Font family 'sans-monospace' not found.
2026-03-30 00:48:36,191 - WARNING - findfont: Font family 'sans-monospace' not found.
2026-03-30 00:48:36,191 - WARNING - findfont: Font family 'sans-monospace' not found.
2026-03-30 00:48:36,192 - WARNING - findfont: Font family 'sans-monospace' not found.
2026-03-30 00:48:36,192 - WARNING - findfont: Font family 'sans-monospace' not found.
2026-03-30 00:48:36,192 - WARNING - findfont: Font family 'sans-monospace' not found.
2026-03-30 00:48:36,192 - WARNING - findfont: Font family 'sans-monospace' not found.
2026-03-30 00:48:36,193 - WARNING - findfont: Font family 'sans-monospace' not found.
2026-03-30 00:48:36,193 - WARNING - findfont: Font family 'sans-monospace' not found.
2026-03-30 00:48:36,193 - WARNING - findfont: Font family 'sans-monospace' not found.
2026-03-30 00:48:36,193 - WARNING - findfont: Font family 'sans-monospace' not found.
2026-03-30 00:48:36,193 - WARNING - findfont: Font family 'sans-monospace' not found.
2026-03-30 00:48:36,194 - WARNING - findfont: Font family 'sans-monospace' not found.
2026-03-30 00:48:36,194 - WARNING - findfont: Font family 'sans-monospace' not found.
2026-03-30 00:48:36,195 - WARNING - findfont: Font family 'sans-monospace' not found.
2026-03-30 00:48:36,195 - WARNING - findfont: Font family 'sans-monospace' not found.
2026-03-30 00:48:36,195 - WARNING - findfont: Font family 'sans-monospace' not found.
2026-03-30 00:48:36,195 - WARNING - findfont: Font family 'sans-monospace' not found.
2026-03-30 00:48:36,195 - WARNING - findfont: Font family 'sans-monospace' not found.
2026-03-30 00:48:36,195 - WARNING - findfont: Font family 'sans-monospace' not found.
2026-03-30 00:48:36,195 - WARNING - findfont: Font family 'sans-monospace' not found.
2026-03-30 00:48:36,195 - WARNING - findfont: Font family 'sans-monospace' not found.
2026-03-30 00:48:36,196 - WARNING - findfont: Font family 'sans-monospace' not found.
2026-03-30 00:48:36,196 - WARNING - findfont: Font family 'sans-monospace' not found.
2026-03-30 00:48:36,196 - WARNING - findfont: Font family 'sans-monospace' not found.
2026-03-30 00:48:36,196 - WARNING - findfont: Font family 'sans-monospace' not found.
2026-03-30 00:48:36,196 - WARNING - findfont: Font family 'sans-monospace' not found.
2026-03-30 00:48:36,197 - WARNING - findfont: Font family 'sans-monospace' not found.
2026-03-30 00:48:36,197 - WARNING - findfont: Font family 'sans-monospace' not found.
2026-03-30 00:48:36,198 - WARNING - findfont: Font family 'sans-monospace' not found.
2026-03-30 00:48:36,198 - WARNING - findfont: Font family 'sans-monospace' not found.
2026-03-30 00:48:36,198 - WARNING - findfont: Font family 'sans-monospace' not found.
2026-03-30 00:48:36,198 - WARNING - findfont: Font family 'sans-monospace' not found.
2026-03-30 00:48:36,198 - WARNING - findfont: Font family 'sans-monospace' not found.
2026-03-30 00:48:36,198 - WARNING - findfont: Font family 'sans-monospace' not found.
2026-03-30 00:48:36,198 - WARNING - findfont: Font family 'sans-monospace' not found.
2026-03-30 00:48:36,199 - WARNING - findfont: Font family 'sans-monospace' not found.
2026-03-30 00:48:36,199 - WARNING - findfont: Font family 'sans-monospace' not found.
2026-03-30 00:48:36,199 - WARNING - findfont: Font family 'sans-monospace' not found.
2026-03-30 00:48:36,199 - WARNING - findfont: Font family 'sans-monospace' not found.
2026-03-30 00:48:36,199 - WARNING - findfont: Font family 'sans-monospace' not found.
2026-03-30 00:48:36,199 - WARNING - findfont: Font family 'sans-monospace' not found.
2026-03-30 00:48:36,199 - WARNING - findfont: Font family 'sans-monospace' not found.
2026-03-30 00:48:36,200 - WARNING - findfont: Font family 'sans-monospace' not found.
2026-03-30 00:48:36,200 - WARNING - findfont: Font family 'sans-monospace' not found.
2026-03-30 00:48:36,201 - WARNING - findfont: Font family 'sans-monospace' not found.
2026-03-30 00:48:36,201 - WARNING - findfont: Font family 'sans-monospace' not found.
2026-03-30 00:48:36,201 - WARNING - findfont: Font family 'sans-monospace' not found.
2026-03-30 00:48:36,201 - WARNING - findfont: Font family 'sans-monospace' not found.
2026-03-30 00:48:36,201 - WARNING - findfont: Font family 'sans-monospace' not found.
2026-03-30 00:48:36,202 - WARNING - findfont: Font family 'sans-monospace' not found.
2026-03-30 00:48:36,202 - WARNING - findfont: Font family 'sans-monospace' not found.
2026-03-30 00:48:36,202 - WARNING - findfont: Font family 'sans-monospace' not found.
2026-03-30 00:48:36,202 - WARNING - findfont: Font family 'sans-monospace' not found.
2026-03-30 00:48:36,203 - WARNING - findfont: Font family 'sans-monospace' not found.
2026-03-30 00:48:36,203 - WARNING - findfont: Font family 'sans-monospace' not found.
2026-03-30 00:48:36,203 - WARNING - findfont: Font family 'sans-monospace' not found.
2026-03-30 00:48:36,203 - WARNING - findfont: Font family 'sans-monospace' not found.
2026-03-30 00:48:36,203 - WARNING - findfont: Font family 'sans-monospace' not found.
2026-03-30 00:48:36,203 - WARNING - findfont: Font family 'sans-monospace' not found.
2026-03-30 00:48:36,204 - WARNING - findfont: Font family 'sans-monospace' not found.
2026-03-30 00:48:36,204 - WARNING - findfont: Font family 'sans-monospace' not found.
2026-03-30 00:48:36,204 - WARNING - findfont: Font family 'sans-monospace' not found.
2026-03-30 00:48:36,204 - WARNING - findfont: Font family 'sans-monospace' not found.
2026-03-30 00:48:36,204 - WARNING - findfont: Font family 'sans-monospace' not found.
2026-03-30 00:48:36,204 - WARNING - findfont: Font family 'sans-monospace' not found.
2026-03-30 00:48:36,204 - WARNING - findfont: Font family 'sans-monospace' not found.
2026-03-30 00:48:36,204 - WARNING - findfont: Font family 'sans-monospace' not found.
2026-03-30 00:48:36,204 - WARNING - findfont: Font family 'sans-monospace' not found.
2026-03-30 00:48:36,204 - WARNING - findfont: Font family 'sans-monospace' not found.
2026-03-30 00:48:36,204 - WARNING - findfont: Font family 'sans-monospace' not found.
2026-03-30 00:48:36,205 - WARNING - findfont: Font family 'sans-monospace' not found.
2026-03-30 00:48:36,205 - WARNING - findfont: Font family 'sans-monospace' not found.
2026-03-30 00:48:36,205 - WARNING - findfont: Font family 'sans-monospace' not found.
2026-03-30 00:48:36,205 - WARNING - findfont: Font family 'sans-monospace' not found.
2026-03-30 00:48:36,206 - WARNING - findfont: Font family 'sans-monospace' not found.
2026-03-30 00:48:36,206 - WARNING - findfont: Font family 'sans-monospace' not found.
2026-03-30 00:48:36,206 - WARNING - findfont: Font family 'sans-monospace' not found.
2026-03-30 00:48:36,207 - WARNING - findfont: Font family 'sans-monospace' not found.
2026-03-30 00:48:36,207 - WARNING - findfont: Font family 'sans-monospace' not found.
2026-03-30 00:48:36,224 - WARNING - findfont: Font family 'sans-monospace' not found.
2026-03-30 00:48:36,224 - WARNING - findfont: Font family 'sans-monospace' not found.
2026-03-30 00:48:36,224 - WARNING - findfont: Font family 'sans-monospace' not found.
2026-03-30 00:48:36,224 - WARNING - findfont: Font family 'sans-monospace' not found.
2026-03-30 00:48:36,224 - WARNING - findfont: Font family 'sans-monospace' not found.
2026-03-30 00:48:36,225 - WARNING - findfont: Font family 'sans-monospace' not found.
2026-03-30 00:48:36,225 - WARNING - findfont: Font family 'sans-monospace' not found.
2026-03-30 00:48:36,225 - WARNING - findfont: Font family 'sans-monospace' not found.
2026-03-30 00:48:36,225 - WARNING - findfont: Font family 'sans-monospace' not found.
2026-03-30 00:48:36,225 - WARNING - findfont: Font family 'sans-monospace' not found.
2026-03-30 00:48:36,226 - WARNING - findfont: Font family 'sans-monospace' not found.
2026-03-30 00:48:36,226 - WARNING - findfont: Font family 'sans-monospace' not found.
2026-03-30 00:48:36,226 - WARNING - findfont: Font family 'sans-monospace' not found.
2026-03-30 00:48:36,226 - WARNING - findfont: Font family 'sans-monospace' not found.
2026-03-30 00:48:36,227 - WARNING - findfont: Font family 'sans-monospace' not found.
2026-03-30 00:48:36,227 - WARNING - findfont: Font family 'sans-monospace' not found.
2026-03-30 00:48:36,227 - WARNING - findfont: Font family 'sans-monospace' not found.
2026-03-30 00:48:36,227 - WARNING - findfont: Font family 'sans-monospace' not found.
2026-03-30 00:48:36,228 - WARNING - findfont: Font family 'sans-monospace' not found.
2026-03-30 00:48:36,228 - WARNING - findfont: Font family 'sans-monospace' not found.
2026-03-30 00:48:36,228 - WARNING - findfont: Font family 'sans-monospace' not found.
2026-03-30 00:48:36,228 - WARNING - findfont: Font family 'sans-monospace' not found.
2026-03-30 00:48:36,228 - WARNING - findfont: Font family 'sans-monospace' not found.
2026-03-30 00:48:36,228 - WARNING - findfont: Font family 'sans-monospace' not found.
2026-03-30 00:48:36,229 - WARNING - findfont: Font family 'sans-monospace' not found.
2026-03-30 00:48:36,229 - WARNING - findfont: Font family 'sans-monospace' not found.
2026-03-30 00:48:36,229 - WARNING - findfont: Font family 'sans-monospace' not found.
2026-03-30 00:48:36,229 - WARNING - findfont: Font family 'sans-monospace' not found.
2026-03-30 00:48:36,230 - WARNING - findfont: Font family 'sans-monospace' not found.
2026-03-30 00:48:36,230 - WARNING - findfont: Font family 'sans-monospace' not found.
2026-03-30 00:48:36,230 - WARNING - findfont: Font family 'sans-monospace' not found.
2026-03-30 00:48:36,230 - WARNING - findfont: Font family 'sans-monospace' not found.
2026-03-30 00:48:36,230 - WARNING - findfont: Font family 'sans-monospace' not found.
2026-03-30 00:48:36,230 - WARNING - findfont: Font family 'sans-monospace' not found.
2026-03-30 00:48:36,230 - WARNING - findfont: Font family 'sans-monospace' not found.
2026-03-30 00:48:36,231 - WARNING - findfont: Font family 'sans-monospace' not found.
2026-03-30 00:48:36,231 - WARNING - findfont: Font family 'sans-monospace' not found.
2026-03-30 00:48:36,231 - WARNING - findfont: Font family 'sans-monospace' not found.
2026-03-30 00:48:36,231 - WARNING - findfont: Font family 'sans-monospace' not found.
2026-03-30 00:48:36,231 - WARNING - findfont: Font family 'sans-monospace' not found.
2026-03-30 00:48:36,232 - WARNING - findfont: Font family 'sans-monospace' not found.
2026-03-30 00:48:36,232 - WARNING - findfont: Font family 'sans-monospace' not found.
2026-03-30 00:48:36,232 - WARNING - findfont: Font family 'sans-monospace' not found.
2026-03-30 00:48:36,233 - WARNING - findfont: Font family 'sans-monospace' not found.
2026-03-30 00:48:36,233 - WARNING - findfont: Font family 'sans-monospace' not found.
2026-03-30 00:48:36,233 - WARNING - findfont: Font family 'sans-monospace' not found.
2026-03-30 00:48:36,233 - WARNING - findfont: Font family 'sans-monospace' not found.
2026-03-30 00:48:36,233 - WARNING - findfont: Font family 'sans-monospace' not found.
2026-03-30 00:48:36,233 - WARNING - findfont: Font family 'sans-monospace' not found.
2026-03-30 00:48:36,233 - WARNING - findfont: Font family 'sans-monospace' not found.
2026-03-30 00:48:36,234 - WARNING - findfont: Font family 'sans-monospace' not found.
2026-03-30 00:48:36,234 - WARNING - findfont: Font family 'sans-monospace' not found.
2026-03-30 00:48:36,234 - WARNING - findfont: Font family 'sans-monospace' not found.
2026-03-30 00:48:36,234 - WARNING - findfont: Font family 'sans-monospace' not found.
2026-03-30 00:48:36,235 - WARNING - findfont: Font family 'sans-monospace' not found.
2026-03-30 00:48:36,235 - WARNING - findfont: Font family 'sans-monospace' not found.
2026-03-30 00:48:36,236 - WARNING - findfont: Font family 'sans-monospace' not found.
2026-03-30 00:48:36,236 - WARNING - findfont: Font family 'sans-monospace' not found.
2026-03-30 00:48:36,236 - WARNING - findfont: Font family 'sans-monospace' not found.
2026-03-30 00:48:36,236 - WARNING - findfont: Font family 'sans-monospace' not found.
2026-03-30 00:48:36,236 - WARNING - findfont: Font family 'sans-monospace' not found.
2026-03-30 00:48:36,236 - WARNING - findfont: Font family 'sans-monospace' not found.
2026-03-30 00:48:36,237 - WARNING - findfont: Font family 'sans-monospace' not found.
2026-03-30 00:48:36,237 - WARNING - findfont: Font family 'sans-monospace' not found.
2026-03-30 00:48:36,237 - WARNING - findfont: Font family 'sans-monospace' not found.
2026-03-30 00:48:36,238 - WARNING - findfont: Font family 'sans-monospace' not found.
2026-03-30 00:48:36,238 - WARNING - findfont: Font family 'sans-monospace' not found.
2026-03-30 00:48:36,238 - WARNING - findfont: Font family 'sans-monospace' not found.
2026-03-30 00:48:36,238 - WARNING - findfont: Font family 'sans-monospace' not found.
2026-03-30 00:48:36,238 - WARNING - findfont: Font family 'sans-monospace' not found.
2026-03-30 00:48:36,238 - WARNING - findfont: Font family 'sans-monospace' not found.
2026-03-30 00:48:36,239 - WARNING - findfont: Font family 'sans-monospace' not found.
2026-03-30 00:48:36,239 - WARNING - findfont: Font family 'sans-monospace' not found.
2026-03-30 00:48:36,239 - WARNING - findfont: Font family 'sans-monospace' not found.
2026-03-30 00:48:36,239 - WARNING - findfont: Font family 'sans-monospace' not found.
2026-03-30 00:48:36,239 - WARNING - findfont: Font family 'sans-monospace' not found.
2026-03-30 00:48:36,239 - WARNING - findfont: Font family 'sans-monospace' not found.
2026-03-30 00:48:36,239 - WARNING - findfont: Font family 'sans-monospace' not found.
2026-03-30 00:48:36,239 - WARNING - findfont: Font family 'sans-monospace' not found.
2026-03-30 00:48:36,239 - WARNING - findfont: Font family 'sans-monospace' not found.
2026-03-30 00:48:36,239 - WARNING - findfont: Font family 'sans-monospace' not found.
2026-03-30 00:48:36,239 - WARNING - findfont: Font family 'sans-monospace' not found.
2026-03-30 00:48:36,240 - WARNING - findfont: Font family 'sans-monospace' not found.
2026-03-30 00:48:36,240 - WARNING - findfont: Font family 'sans-monospace' not found.
2026-03-30 00:48:36,240 - WARNING - findfont: Font family 'sans-monospace' not found.
2026-03-30 00:48:36,240 - WARNING - findfont: Font family 'sans-monospace' not found.
2026-03-30 00:48:36,241 - WARNING - findfont: Font family 'sans-monospace' not found.
2026-03-30 00:48:36,241 - WARNING - findfont: Font family 'sans-monospace' not found.
2026-03-30 00:48:36,241 - WARNING - findfont: Font family 'sans-monospace' not found.
2026-03-30 00:48:36,242 - WARNING - findfont: Font family 'sans-monospace' not found.
2026-03-30 00:48:36,243 - WARNING - findfont: Font family 'sans-monospace' not found.
2026-03-30 00:48:36,253 - INFO - Popularity distribution chart saved
2026-03-30 00:48:41,782 - INFO - Popularity distribution chart saved
2026-03-30 00:49:43,593 - INFO - Popularity distribution chart saved
2026-03-30 00:50:08,438 - INFO - Popularity distribution chart saved
2026-03-30 00:50:15,090 - INFO - Popularity distribution chart saved
2026-03-30 00:50:21,713 - INFO - Popularity distribution chart saved
2026-03-30 00:50:31,313 - INFO - Popularity distribution chart saved
2026-03-30 00:50:36,491 - INFO - Popularity distribution chart saved
2026-03-30 00:50:51,267 - INFO - Popularity distribution chart saved
2026-03-30 00:51:42,665 - INFO - Popularity distribution chart saved
2026-03-30 00:51:58,935 - INFO - Popularity distribution chart saved
2026-03-30 00:52:07,556 - INFO - Popularity distribution chart saved
2026-03-30 00:52:27,875 - INFO - Popularity distribution chart saved
2026-03-30 00:53:04,360 - INFO - Popularity distribution chart saved
2026-03-30 00:53:18,130 - INFO - Popularity distribution chart saved
2026-03-30 00:53:27,720 - INFO - Popularity distribution chart saved
2026-03-30 00:54:11,183 - INFO - Popularity distribution chart saved
2026-03-30 00:54:21,572 - INFO - Popularity distribution chart saved
2026-03-30 00:54:30,533 - INFO - Popularity distribution chart saved
2026-03-30 00:54:36,863 - INFO - Popularity distribution chart saved
2026-03-30 00:54:57,043 - INFO - Popularity distribution chart saved
2026-03-30 00:55:04,230 - INFO - Popularity distribution chart saved
2026-03-30 00:55:21,714 - INFO - Popularity distribution chart saved
2026-03-30 00:55:26,360 - INFO - Popularity distribution chart saved
2026-03-30 00:55:31,940 - INFO - Popularity distribution chart saved
2026-03-30 00:55:38,906 - INFO - Popularity distribution chart saved
2026-03-30 00:55:48,185 - INFO - Popularity distribution chart saved
2026-03-30 00:56:05,117 - INFO - Popularity distribution chart saved
2026-03-30 00:56:31,895 - INFO - Popularity distribution chart saved
2026-03-30 00:56:38,665 - INFO - Popularity distribution chart saved
2026-03-30 00:57:06,898 - INFO - Popularity distribution chart saved
2026-03-30 00:57:16,540 - INFO - Popularity distribution chart saved
2026-03-30 00:57:27,964 - INFO - Popularity distribution chart saved
2026-03-30 00:57:47,413 - INFO - Popularity distribution chart saved
2026-03-30 00:59:10,155 - INFO - Popularity distribution chart saved
2026-03-30 00:59:17,305 - INFO - Popularity distribution chart saved
2026-03-30 01:01:03,682 - INFO - Popularity distribution chart saved
2026-03-30 01:01:18,030 - INFO - Popularity distribution chart saved
2026-03-30 01:01:24,939 - INFO - Popularity distribution chart saved
2026-03-30 01:01:48,774 - INFO - Popularity distribution chart saved
2026-03-30 01:01:55,936 - INFO - Popularity distribution chart saved
2026-03-30 01:02:24,595 - INFO - Popularity distribution chart saved
2026-03-30 01:02:55,762 - INFO - Popularity distribution chart saved
2026-03-30 01:03:04,538 - INFO - Popularity distribution chart saved
2026-03-30 01:03:15,774 - INFO - Popularity distribution chart saved
2026-03-30 01:03:38,309 - INFO - Popularity distribution chart saved
2026-03-30 01:05:21,688 - INFO - Sample pulled: 6155371 ratings from 5000 users
2026-03-30 01:06:36,901 - INFO - SVD model trained successfully
2026-03-30 01:06:41,304 - INFO - Overall RMSE: 0.7311
2026-03-30 01:08:32,103 - INFO - Generated recommendations for 500 users
2026-03-30 01:08:32,106 - INFO - Recommendation breakdown: {'Popular': 65.03999999999999, 'Long-tail': 34.96}
2026-03-30 01:10:41,833 - INFO - Bias visualization saved
2026-03-30 01:11:40,736 - INFO - Bias visualization saved
2026-03-30 01:11:49,269 - INFO - Bias visualization saved
2026-03-30 01:12:19,978 - INFO - Bias visualization saved
2026-03-31 18:40:08,327 - INFO - Pipeline started
2026-03-31 18:40:08,328 - INFO - Setup complete
2026-03-31 18:40:09,653 - INFO - Loaded ratings: 25000095 rows
2026-03-31 18:40:09,664 - INFO - Loaded movies: 62423 rows
2026-03-31 18:40:09,678 - INFO - Loaded tags: 1093360 rows
2026-03-31 18:40:09,758 - INFO - Loaded genome_scores: 15584448 rows
2026-03-31 18:40:09,759 - INFO - Loaded genome_tags: 1128 rows
2026-03-31 18:40:09,765 - INFO - Loaded links: 62423 rows
2026-03-31 18:40:09,765 - INFO - All tables loaded
2026-03-31 18:40:13,234 - INFO - Popularity classification query executed successfully
2026-03-31 18:40:13,244 - INFO - Long-tail: 53661, Popular: 5386
2026-03-31 18:43:19,984 - INFO - Popularity distribution chart saved
2026-03-31 18:43:36,247 - INFO - Popularity distribution chart saved
2026-03-31 18:43:39,722 - INFO - Popularity distribution chart saved
2026-03-31 18:45:43,226 - INFO - Popularity distribution chart saved
2026-03-31 18:50:28,494 - INFO - Sample pulled: 6155371 ratings from 5000 users
2026-03-31 18:50:50,634 - INFO - SVD model trained successfully
2026-03-31 18:50:54,424 - INFO - Overall RMSE: 0.7314
2026-03-31 18:51:52,321 - INFO - Generated recommendations for 500 users
2026-03-31 18:51:52,324 - INFO - Recommendation breakdown: {'Popular': 64.66, 'Long-tail': 35.339999999999996}
2026-03-31 18:52:15,468 - INFO - Pipeline complete. Bias visualization saved.
2026-03-31 18:53:08,371 - INFO - Pipeline complete. Bias visualization saved.
